0 info it worked if it ends with ok
1 verbose cli [ '/usr/local/bin/node', '/usr/local/bin/npm', 'run', 'dev' ]
2 info using npm@2.15.1
3 info using node@v0.10.48
4 verbose node symlink /usr/local/bin/node
5 verbose run-script [ 'predev', 'dev', 'postdev' ]
6 info predev mytownhome@1.0.0
7 info dev mytownhome@1.0.0
8 verbose unsafe-perm in lifecycle true
9 info mytownhome@1.0.0 Failed to exec dev script
10 verbose stack Error: mytownhome@1.0.0 dev: `next`
10 verbose stack Exit status 8
10 verbose stack     at EventEmitter.<anonymous> (/usr/local/lib/node_modules/npm/lib/utils/lifecycle.js:217:16)
10 verbose stack     at EventEmitter.emit (events.js:98:17)
10 verbose stack     at ChildProcess.<anonymous> (/usr/local/lib/node_modules/npm/lib/utils/spawn.js:24:14)
10 verbose stack     at ChildProcess.emit (events.js:98:17)
10 verbose stack     at maybeClose (child_process.js:766:16)
10 verbose stack     at Process.ChildProcess._handle.onexit (child_process.js:833:5)
11 verbose pkgid mytownhome@1.0.0
12 verbose cwd /Users/iliademertchian/Desktop/realty/mytownhome
13 error Darwin 16.7.0
14 error argv "/usr/local/bin/node" "/usr/local/bin/npm" "run" "dev"
15 error node v0.10.48
16 error npm  v2.15.1
17 error code ELIFECYCLE
18 error mytownhome@1.0.0 dev: `next`
18 error Exit status 8
19 error Failed at the mytownhome@1.0.0 dev script 'next'.
19 error This is most likely a problem with the mytownhome package,
19 error not with npm itself.
19 error Tell the author that this fails on your system:
19 error     next
19 error You can get information on how to open an issue for this project with:
19 error     npm bugs mytownhome
19 error Or if that isn't available, you can get their info via:
19 error
19 error     npm owner ls mytownhome
19 error There is likely additional logging output above.
20 verbose exit [ 1, true ]
